<?xml version="1.0" encoding="UTF-8"?>
<!-- Generated by org.testng.reporters.JUnitReportReporter -->
<testsuite skipped="0" hostname="DESKTOP-Q3OL5F5" name="resolverAssessment.BaseClass.BaseClass" tests="1" failures="0" timestamp="27 Jan 2023 20:18:00 GMT" time="2.622" errors="0">
  <testcase name="setup" time="2.622" classname="resolverAssessment.BaseClass.BaseClass"/>
</testsuite> <!-- resolverAssessment.BaseClass.BaseClass -->
