<?xml version="1.0" encoding="UTF-8"?>
<!-- Generated by org.testng.reporters.JUnitReportReporter -->
<testsuite skipped="0" hostname="DESKTOP-Q3OL5F5" name="resolverAssessment.TestCases.test1_page" tests="1" failures="0" timestamp="02 Feb 2023 17:54:03 GMT" time="5.916" errors="0">
  <testcase name="test1" time="5.916" classname="resolverAssessment.TestCases.test1_page"/>
</testsuite> <!-- resolverAssessment.TestCases.test1_page -->
