<?xml version="1.0" encoding="UTF-8"?>
<!-- Generated by org.testng.reporters.JUnitReportReporter -->
<testsuite skipped="0" hostname="DESKTOP-Q3OL5F5" name="resolverAssessment.TestCases.test5_page" tests="1" failures="0" timestamp="02 Feb 2023 18:02:26 GMT" time="2.729" errors="0">
  <testcase name="test5" time="2.729" classname="resolverAssessment.TestCases.test5_page"/>
</testsuite> <!-- resolverAssessment.TestCases.test5_page -->
