<?xml version="1.0" encoding="UTF-8"?>
<!-- Generated by org.testng.reporters.JUnitReportReporter -->
<testsuite skipped="0" hostname="DESKTOP-Q3OL5F5" name="resolverAssessment.TestCases.test3_page" tests="1" failures="0" timestamp="02 Feb 2023 18:02:26 GMT" time="0.753" errors="0">
  <testcase name="test3" time="0.753" classname="resolverAssessment.TestCases.test3_page"/>
</testsuite> <!-- resolverAssessment.TestCases.test3_page -->
