<?xml version="1.0" encoding="UTF-8"?>
<!-- Generated by org.testng.reporters.JUnitReportReporter -->
<testsuite skipped="0" hostname="DESKTOP-Q3OL5F5" name="resolverAssessment.TestCases.test6_page" tests="1" failures="0" timestamp="02 Feb 2023 03:12:36 GMT" time="5.580" errors="0">
  <testcase name="test6" time="5.580" classname="resolverAssessment.TestCases.test6_page"/>
</testsuite> <!-- resolverAssessment.TestCases.test6_page -->
